0 info it worked if it ends with ok
1 verbose cli [ '/usr/local/bin/node',
1 verbose cli   '/usr/local/bin/npm',
1 verbose cli   'install',
1 verbose cli   'async' ]
2 info using npm@1.2.32
3 info using node@v0.10.12
4 verbose read json /home/andrew/andrew-github/test/node/package.json
5 error Failed to parse json
5 error Unexpected token }
6 error File: /home/andrew/andrew-github/test/node/package.json
7 error Failed to parse package.json data.
7 error package.json must be actual JSON, not just JavaScript.
7 error
7 error This is not a bug in npm.
7 error Tell the package author to fix their package.json file. JSON.parse
8 error System Linux 3.2.0-56-generic
9 error command "/usr/local/bin/node" "/usr/local/bin/npm" "install" "async"
10 error cwd /home/andrew/andrew-github/test/node
11 error node -v v0.10.12
12 error npm -v 1.2.32
13 error file /home/andrew/andrew-github/test/node/package.json
14 error code EJSONPARSE
15 verbose exit [ 1, true ]
